-------------------------------------------------------------------------------
Test set: com.accounting.service.BonusPointsServiceTest
-------------------------------------------------------------------------------
Tests run: 10, Failures: 0, Errors: 1, Skipped: 0, Time elapsed: 0.810 s <<< FAILURE! -- in com.accounting.service.BonusPointsServiceTest
com.accounting.service.BonusPointsServiceTest.testNoRewardTriggered_At14Points -- Time elapsed: 0.006 s <<< ERROR!
java.lang.NullPointerException: Cannot invoke "com.accounting.entity.BonusPointsHistory.getId()" because "reward" is null
	at com.accounting.service.BonusPointsService.awardPoints(BonusPointsService.java:61)
	at com.accounting.service.BonusPointsServiceTest.testNoRewardTriggered_At14Points(BonusPointsServiceTest.java:199)
	at java.base/java.lang.reflect.Method.invoke(Method.java:568)
	at java.base/java.util.ArrayList.forEach(ArrayList.java:1511)
	at java.base/java.util.ArrayList.forEach(ArrayList.java:1511)

